# JRE version: 7.0_07-b11
# Java VM: Java HotSpot(TM) 64-Bit Server VM (23.3-b01 mixed mode windows-amd64 compressed oops)
Heap
 PSYoungGen      total 33536K, used 30836K [0x00000000ebd60000, 0x00000000ee0a0000, 0x0000000100000000)
  eden space 30976K, 92% used [0x00000000ebd60000,0x00000000ed9553c8,0x00000000edba0000)
  from space 2560K, 86% used [0x00000000ede20000,0x00000000ee048020,0x00000000ee0a0000)
  to   space 2560K, 0% used [0x00000000edba0000,0x00000000edba0000,0x00000000ede20000)
 ParOldGen       total 41344K, used 667K [0x00000000c3800000, 0x00000000c6060000, 0x00000000ebd60000)
  object space 41344K, 1% used [0x00000000c3800000,0x00000000c38a6fb0,0x00000000c6060000)
 PSPermGen       total 21248K, used 16267K [0x00000000be600000, 0x00000000bfac0000, 0x00000000c3800000)
  object space 21248K, 76% used [0x00000000be600000,0x00000000bf5e2f90,0x00000000bfac0000)
GC Heap History (4 events):
Event: 0.661 GC heap before
{Heap before GC invocations=1 (full 0):
 PSYoungGen      total 18048K, used 15488K [0x00000000ebd60000, 0x00000000ed180000, 0x0000000100000000)
  eden space 15488K, 100% used [0x00000000ebd60000,0x00000000ecc80000,0x00000000ecc80000)
  from space 2560K, 0% used [0x00000000ecf00000,0x00000000ecf00000,0x00000000ed180000)
  to   space 2560K, 0% used [0x00000000ecc80000,0x00000000ecc80000,0x00000000ecf00000)
 ParOldGen       total 41344K, used 0K [0x00000000c3800000, 0x00000000c6060000, 0x00000000ebd60000)
  object space 41344K, 0% used [0x00000000c3800000,0x00000000c3800000,0x00000000c6060000)
 PSPermGen       total 21248K, used 14161K [0x00000000be600000, 0x00000000bfac0000, 0x00000000c3800000)
  object space 21248K, 66% used [0x00000000be600000,0x00000000bf3d4428,0x00000000bfac0000)
Event: 0.679 GC heap after
Heap after GC invocations=1 (full 0):
 PSYoungGen      total 18048K, used 2547K [0x00000000ebd60000, 0x00000000ee0a0000, 0x0000000100000000)
  eden space 15488K, 0% used [0x00000000ebd60000,0x00000000ebd60000,0x00000000ecc80000)
  from space 2560K, 99% used [0x00000000ecc80000,0x00000000ecefcc20,0x00000000ecf00000)
  to   space 2560K, 0% used [0x00000000ede20000,0x00000000ede20000,0x00000000ee0a0000)
 ParOldGen       total 41344K, used 667K [0x00000000c3800000, 0x00000000c6060000, 0x00000000ebd60000)
  object space 41344K, 1% used [0x00000000c3800000,0x00000000c38a6fb0,0x00000000c6060000)
 PSPermGen       total 21248K, used 14161K [0x00000000be600000, 0x00000000bfac0000, 0x00000000c3800000)
  object space 21248K, 66% used [0x00000000be600000,0x00000000bf3d4428,0x00000000bfac0000)
}
Event: 0.977 GC heap before
{Heap before GC invocations=2 (full 0):
 PSYoungGen      total 18048K, used 18035K [0x00000000ebd60000, 0x00000000ee0a0000, 0x0000000100000000)
  eden space 15488K, 100% used [0x00000000ebd60000,0x00000000ecc80000,0x00000000ecc80000)
  from space 2560K, 99% used [0x00000000ecc80000,0x00000000ecefcc20,0x00000000ecf00000)
  to   space 2560K, 0% used [0x00000000ede20000,0x00000000ede20000,0x00000000ee0a0000)
 ParOldGen       total 41344K, used 667K [0x00000000c3800000, 0x00000000c6060000, 0x00000000ebd60000)
  object space 41344K, 1% used [0x00000000c3800000,0x00000000c38a6fb0,0x00000000c6060000)
 PSPermGen       total 21248K, used 14235K [0x00000000be600000, 0x00000000bfac0000, 0x00000000c3800000)
  object space 21248K, 66% used [0x00000000be600000,0x00000000bf3e6f00,0x00000000bfac0000)
Event: 0.985 GC heap after
Heap after GC invocations=2 (full 0):
 PSYoungGen      total 33536K, used 2208K [0x00000000ebd60000, 0x00000000ee0a0000, 0x0000000100000000)
  eden space 30976K, 0% used [0x00000000ebd60000,0x00000000ebd60000,0x00000000edba0000)
  from space 2560K, 86% used [0x00000000ede20000,0x00000000ee048020,0x00000000ee0a0000)
  to   space 2560K, 0% used [0x00000000edba0000,0x00000000edba0000,0x00000000ede20000)
 ParOldGen       total 41344K, used 667K [0x00000000c3800000, 0x00000000c6060000, 0x00000000ebd60000)
  object space 41344K, 1% used [0x00000000c3800000,0x00000000c38a6fb0,0x00000000c6060000)
 PSPermGen       total 21248K, used 14235K [0x00000000be600000, 0x00000000bfac0000, 0x00000000c3800000)
  object space 21248K, 66% used [0x00000000be600000,0x00000000bf3e6f00,0x00000000bfac0000)
}

